<?xml version="1.0" encoding="UTF-8"?>
<!-- Generated by org.testng.reporters.JUnitReportReporter -->
<testsuite hostname="DESKTOP-D3UHHVB" failures="0" tests="3" name="Modules.Library" time="6.545" errors="0" timestamp="2022-12-13T20:33:05 IST" skipped="0">
  <testcase classname="Modules.Library" name="f" time="0.014"/>
  <system-out/>
  <testcase classname="Modules.Library" name="f" time="0.004"/>
  <system-out/>
  <testcase classname="Modules.Library" name="Test1" time="6.527"/>
  <system-out/>
</testsuite> <!-- Modules.Library -->
